0 info it worked if it ends with ok
1 verbose cli [ '/opt/node-v4.5.0-linux-x64/bin/node',
1 verbose cli   '/opt/node-v4.5.0-linux-x64/bin/npm',
1 verbose cli   'install',
1 verbose cli   'tsc',
1 verbose cli   '-g',
1 verbose cli   '-dd' ]
2 info using npm@2.15.9
3 info using node@v4.5.0
4 verbose install initial load of /opt/node-v4.5.0-linux-x64/lib/package.json
5 verbose readDependencies loading dependencies from /opt/node-v4.5.0-linux-x64/lib/package.json
6 silly cache add args [ 'tsc', null ]
7 verbose cache add spec tsc
8 silly cache add parsed spec Result {
8 silly cache add   raw: 'tsc',
8 silly cache add   scope: null,
8 silly cache add   name: 'tsc',
8 silly cache add   rawSpec: '',
8 silly cache add   spec: 'latest',
8 silly cache add   type: 'tag' }
9 silly addNamed tsc@latest
10 verbose addNamed "latest" is being treated as a dist-tag for tsc
11 info addNameTag [ 'tsc', 'latest' ]
12 silly mapToRegistry name tsc
13 silly mapToRegistry using default registry
14 silly mapToRegistry registry https://registry.npmjs.org/
15 silly mapToRegistry data Result {
15 silly mapToRegistry   raw: 'tsc',
15 silly mapToRegistry   scope: null,
15 silly mapToRegistry   name: 'tsc',
15 silly mapToRegistry   rawSpec: '',
15 silly mapToRegistry   spec: 'latest',
15 silly mapToRegistry   type: 'tag' }
16 silly mapToRegistry uri https://registry.npmjs.org/tsc
17 verbose addNameTag registry:https://registry.npmjs.org/tsc not in flight; fetching
18 verbose get https://registry.npmjs.org/tsc not expired, no request
19 silly addNameTag next cb for tsc with tag latest
20 silly addNamed tsc@1.20150623.0
21 verbose addNamed "1.20150623.0" is a plain semver version for tsc
22 silly mapToRegistry name tsc
23 silly mapToRegistry using default registry
24 silly mapToRegistry registry https://registry.npmjs.org/
25 silly mapToRegistry data Result {
25 silly mapToRegistry   raw: 'tsc',
25 silly mapToRegistry   scope: null,
25 silly mapToRegistry   name: 'tsc',
25 silly mapToRegistry   rawSpec: '',
25 silly mapToRegistry   spec: 'latest',
25 silly mapToRegistry   type: 'tag' }
26 silly mapToRegistry uri https://registry.npmjs.org/tsc
27 verbose addRemoteTarball https://registry.npmjs.org/tsc/-/tsc-1.20150623.0.tgz not in flight; adding
28 verbose addRemoteTarball [ 'https://registry.npmjs.org/tsc/-/tsc-1.20150623.0.tgz',
28 verbose addRemoteTarball   '4ebc3c774e169148cbc768a7342533f082c7a6e5' ]
29 info retry fetch attempt 1 at 2:07:51 AM
30 info attempt registry request try #1 at 2:07:51 AM
31 http fetch GET https://registry.npmjs.org/tsc/-/tsc-1.20150623.0.tgz
32 verbose request id 01371b52469aa1cd
33 http fetch 200 https://registry.npmjs.org/tsc/-/tsc-1.20150623.0.tgz
34 silly fetchAndShaCheck shasum 4ebc3c774e169148cbc768a7342533f082c7a6e5
35 verbose addTmpTarball /tmp/npm-17953-217b65de/registry.npmjs.org/tsc/-/tsc-1.20150623.0.tgz not in flight; adding
36 verbose addTmpTarball already have metadata; skipping unpack for tsc@1.20150623.0
37 verbose correctMkdir /home/vikash/.npm correctMkdir not in flight; initializing
38 silly cache afterAdd tsc@1.20150623.0
39 verbose afterAdd /home/vikash/.npm/tsc/1.20150623.0/package/package.json not in flight; writing
40 verbose correctMkdir /home/vikash/.npm correctMkdir not in flight; initializing
41 verbose afterAdd /home/vikash/.npm/tsc/1.20150623.0/package/package.json written
42 silly install resolved [ { name: 'tsc',
42 silly install resolved     version: '1.20150623.0',
42 silly install resolved     description: 'Latest code from microsoft/typescript packaged and released',
42 silly install resolved     main: './bin/typescript.js',
42 silly install resolved     bin: { tsc: './bin/tsc', tsserver: './bin/tsserver' },
42 silly install resolved     typescript: { definition: './bin/typescript.d.ts' },
42 silly install resolved     repository: { type: 'git', url: 'git+https://github.com/basarat/tsc.git' },
42 silly install resolved     keywords: [ 'typescript' ],
42 silly install resolved     author: { name: 'basaratali@gmail.com' },
42 silly install resolved     license: 'MIT',
42 silly install resolved     bugs: { url: 'https://github.com/basarat/tsc/issues' },
42 silly install resolved     homepage: 'https://github.com/basarat/tsc#readme',
42 silly install resolved     gitHead: 'f6c4d4b050c4fba8dd2b7c7e7414e71d9af60238',
42 silly install resolved     _id: 'tsc@1.20150623.0',
42 silly install resolved     scripts: {},
42 silly install resolved     _shasum: '4ebc3c774e169148cbc768a7342533f082c7a6e5',
42 silly install resolved     _from: 'tsc@latest',
42 silly install resolved     _npmVersion: '2.11.0',
42 silly install resolved     _nodeVersion: '2.2.1',
42 silly install resolved     _npmUser: { name: 'basarat', email: 'basaratali@gmail.com' },
42 silly install resolved     maintainers: [ [Object] ],
42 silly install resolved     dist:
42 silly install resolved      { shasum: '4ebc3c774e169148cbc768a7342533f082c7a6e5',
42 silly install resolved        tarball: 'https://registry.npmjs.org/tsc/-/tsc-1.20150623.0.tgz' },
42 silly install resolved     directories: {},
42 silly install resolved     _resolved: 'https://registry.npmjs.org/tsc/-/tsc-1.20150623.0.tgz' } ]
43 info install tsc@1.20150623.0 into /opt/node-v4.5.0-linux-x64/lib
44 info installOne tsc@1.20150623.0
45 verbose installOne of tsc to /opt/node-v4.5.0-linux-x64/lib not in flight; installing
46 verbose correctMkdir /home/vikash/.npm/_locks correctMkdir not in flight; initializing
47 verbose lock using /home/vikash/.npm/_locks/tsc-b20ec6c2f8819a76.lock for /opt/node-v4.5.0-linux-x64/lib/node_modules/tsc
48 silly install write writing tsc 1.20150623.0 to /opt/node-v4.5.0-linux-x64/lib/node_modules/tsc
49 verbose unbuild lib/node_modules/tsc
50 silly gentlyRm /opt/node-v4.5.0-linux-x64/lib/node_modules/tsc is being purged from base /opt/node-v4.5.0-linux-x64
51 verbose gentlyRm don't care about contents; nuking /opt/node-v4.5.0-linux-x64/lib/node_modules/tsc
52 verbose tar unpack /home/vikash/.npm/tsc/1.20150623.0/package.tgz
53 verbose tar unpacking to /opt/node-v4.5.0-linux-x64/lib/node_modules/tsc
54 silly gentlyRm /opt/node-v4.5.0-linux-x64/lib/node_modules/tsc is being purged
55 verbose gentlyRm don't care about contents; nuking /opt/node-v4.5.0-linux-x64/lib/node_modules/tsc
56 silly gunzTarPerm modes [ '775', '664' ]
57 error tar.unpack untar error /home/vikash/.npm/tsc/1.20150623.0/package.tgz
58 verbose unlock done using /home/vikash/.npm/_locks/tsc-b20ec6c2f8819a76.lock for /opt/node-v4.5.0-linux-x64/lib/node_modules/tsc
59 verbose fstream_path /opt/node-v4.5.0-linux-x64/lib/node_modules/tsc
60 verbose fstream_type Directory
61 verbose fstream_class DirWriter
62 verbose stack Error: EACCES: permission denied, mkdir '/opt/node-v4.5.0-linux-x64/lib/node_modules/tsc'
62 verbose stack     at Error (native)
63 verbose fstream_stack /opt/node-v4.5.0-linux-x64/lib/node_modules/npm/node_modules/fstream/lib/dir-writer.js:35:25
63 verbose fstream_stack /opt/node-v4.5.0-linux-x64/lib/node_modules/npm/node_modules/mkdirp/index.js:47:53
63 verbose fstream_stack FSReqWrap.oncomplete (fs.js:82:15)
64 verbose cwd /home/vikash/workspace/ckvappsAccount/public
65 error Linux 4.4.0-36-generic
66 error argv "/opt/node-v4.5.0-linux-x64/bin/node" "/opt/node-v4.5.0-linux-x64/bin/npm" "install" "tsc" "-g" "-dd"
67 error node v4.5.0
68 error npm  v2.15.9
69 error path /opt/node-v4.5.0-linux-x64/lib/node_modules/tsc
70 error code EACCES
71 error errno -13
72 error syscall mkdir
73 error Error: EACCES: permission denied, mkdir '/opt/node-v4.5.0-linux-x64/lib/node_modules/tsc'
73 error     at Error (native)
73 error  { [Error: EACCES: permission denied, mkdir '/opt/node-v4.5.0-linux-x64/lib/node_modules/tsc']
73 error   errno: -13,
73 error   code: 'EACCES',
73 error   syscall: 'mkdir',
73 error   path: '/opt/node-v4.5.0-linux-x64/lib/node_modules/tsc',
73 error   fstream_type: 'Directory',
73 error   fstream_path: '/opt/node-v4.5.0-linux-x64/lib/node_modules/tsc',
73 error   fstream_class: 'DirWriter',
73 error   fstream_stack:
73 error    [ '/opt/node-v4.5.0-linux-x64/lib/node_modules/npm/node_modules/fstream/lib/dir-writer.js:35:25',
73 error      '/opt/node-v4.5.0-linux-x64/lib/node_modules/npm/node_modules/mkdirp/index.js:47:53',
73 error      'FSReqWrap.oncomplete (fs.js:82:15)' ] }
74 error Please try running this command again as root/Administrator.
75 verbose exit [ -13, true ]
76 verbose unbuild lib/node_modules/tsc
77 silly gentlyRm /opt/node-v4.5.0-linux-x64/lib/node_modules/tsc is being purged from base /opt/node-v4.5.0-linux-x64
78 verbose gentlyRm don't care about contents; nuking /opt/node-v4.5.0-linux-x64/lib/node_modules/tsc
